<?xml version="1.0" encoding="UTF-8"?>
<!-- Generated by org.testng.reporters.JUnitReportReporter -->
<testsuite hostname="Adithya" failures="0" tests="1" name="Zoo1.Upadatepasw" time="31.624" errors="0" timestamp="2023-01-28T12:21:22 IST" skipped="0">
  <testcase classname="Zoo1.Upadatepasw" name="ToUpdatePassword" time="31.624"/>
  <system-out>
Your password successully changed password updated  </system-out>
</testsuite> <!-- Zoo1.Upadatepasw -->
