<?xml version="1.0" encoding="UTF-8"?>
<!-- Generated by org.testng.reporters.JUnitReportReporter -->
<testsuite hostname="Adithya" failures="0" tests="1" name="Zoo1.Zoo_NormalTicket_01" time="30.146" errors="0" timestamp="2023-01-27T16:47:33 IST" skipped="0">
  <testcase classname="Zoo1.Zoo_NormalTicket_01" name="working" time="30.146"/>
  <system-out>
Entered Name is matching  Entered Adult count is matching  Entered Child count is matching  Ticket has been generated Are you sure you want to delete? Data Deleted  </system-out>
</testsuite> <!-- Zoo1.Zoo_NormalTicket_01 -->
