<?xml version="1.0" encoding="UTF-8"?>
<!-- Generated by org.testng.reporters.JUnitReportReporter -->
<testsuite hostname="Adithya" failures="0" tests="1" name="Zoo1.Zoo_Foreingers_05" time="30.551" errors="0" timestamp="2023-01-28T11:39:50 IST" skipped="0">
  <testcase classname="Zoo1.Zoo_Foreingers_05" name="working" time="30.551"/>
  <system-out>
 Entered Name is matching  Entered Child count is matching  Entered Adult count is matching  Ticket has been generated Ticket ID Is matching Admin Logged Out  </system-out>
</testsuite> <!-- Zoo1.Zoo_Foreingers_05 -->
