<?xml version="1.0" encoding="UTF-8"?>
<!-- Generated by org.testng.reporters.JUnitReportReporter -->
<testsuite hostname="Adithya" failures="0" tests="1" name="Zoo1.Zoo_NormalTicket_04" time="32.187" errors="0" timestamp="2023-01-28T11:16:59 IST" skipped="0">
  <testcase classname="Zoo1.Zoo_NormalTicket_04" name="working" time="32.187"/>
  <system-out>
Entered Name is matching  Entered Adult count is matching  Entered Child count is matching  Ticket has been generated Are you sure you want to delete? Data Deleted Admin Logged Out  </system-out>
</testsuite> <!-- Zoo1.Zoo_NormalTicket_04 -->
