<?xml version="1.0" encoding="UTF-8"?>
<!-- Generated by org.testng.reporters.JUnitReportReporter -->
<testsuite hostname="Adithya" failures="0" tests="1" name="Zoo1.Zoo_Foreingers_01" time="35.792" errors="0" timestamp="2023-01-27T17:33:32 IST" skipped="0">
  <testcase classname="Zoo1.Zoo_Foreingers_01" name="working" time="35.792"/>
  <system-out>
 Entered Name is matching  Entered Child count is matching  Entered Adult count is matching  Ticket has been generated Data Deleted  </system-out>
</testsuite> <!-- Zoo1.Zoo_Foreingers_01 -->
