<?xml version="1.0" encoding="UTF-8"?>
<!-- Generated by org.testng.reporters.JUnitReportReporter -->
<testsuite hostname="Adithya" failures="0" tests="1" name="Zoo1.Zoo_NormalTicket_07" time="29.021" errors="0" timestamp="2023-01-28T13:07:42 IST" skipped="0">
  <testcase classname="Zoo1.Zoo_NormalTicket_07" name="working" time="29.021"/>
  <system-out>
Entered Name is matching  Entered Adult count is matching  Entered Child count is matching  Ticket has been generated 768579256 768579256 booked ticked is displayed in search  </system-out>
</testsuite> <!-- Zoo1.Zoo_NormalTicket_07 -->
