<?xml version="1.0" encoding="UTF-8"?>
<!-- Generated by org.testng.reporters.JUnitReportReporter -->
<testsuite hostname="Adithya" failures="0" tests="1" name="Zoo1.Zoo_normalTick_08" time="44.047" errors="0" timestamp="2023-01-30T09:16:38 IST" skipped="0">
  <testcase classname="Zoo1.Zoo_normalTick_08" name="working" time="44.047"/>
  <system-out>
Entered Name is matching  Entered Adult count is matching  Entered Child count is matching  Ticket has been generated 725614605 725614605 booked ticked is displayed in search Admin Logged Out  </system-out>
</testsuite> <!-- Zoo1.Zoo_normalTick_08 -->
