<?xml version="1.0" encoding="UTF-8"?>
<!-- Generated by org.testng.reporters.JUnitReportReporter -->
<testsuite hostname="Adithya" failures="0" tests="1" name="Zoo1.Zoo_addanimal_05" time="38.352" errors="0" timestamp="2023-01-28T10:42:15 IST" skipped="0">
  <testcase classname="Zoo1.Zoo_addanimal_05" name="working" time="38.352"/>
  <system-out>
The Entered Animal name  is Macthing The Entered cage number  is Macthing The Entered Feed number  is Macthing The Entered Breed name  is  The Entered data is correct This cage number or feed number is already alloted to other animal Updation Done  Animal detail has been Updated. Admin Logged Out  </system-out>
</testsuite> <!-- Zoo1.Zoo_addanimal_05 -->
