<?xml version="1.0" encoding="UTF-8"?>
<!-- Generated by org.testng.reporters.JUnitReportReporter -->
<testsuite hostname="Adithya" failures="0" tests="1" name="Zoo1.Zoo_1" time="34.112" errors="0" timestamp="2023-01-27T17:48:06 IST" skipped="0">
  <testcase classname="Zoo1.Zoo_1" name="working" time="34.112"/>
  <system-out>
Admin Name Changed  </system-out>
</testsuite> <!-- Zoo1.Zoo_1 -->
