<?xml version="1.0" encoding="UTF-8"?>
<!-- Generated by org.testng.reporters.JUnitReportReporter -->
<testsuite hostname="Adithya" failures="0" tests="1" name="Zoo1.admin" time="30.198" errors="0" timestamp="2023-01-28T12:27:22 IST" skipped="0">
  <testcase classname="Zoo1.admin" name="working" time="30.198"/>
  <system-out>
Admin Name Changed  </system-out>
</testsuite> <!-- Zoo1.admin -->
