<?xml version="1.0" encoding="UTF-8"?>
<!-- Generated by org.testng.reporters.JUnitReportReporter -->
<testsuite hostname="Adithya" failures="0" tests="1" name="Zoo1.Zoo_NormalTicket_06" time="32.540" errors="0" timestamp="2023-01-28T11:22:28 IST" skipped="0">
  <testcase classname="Zoo1.Zoo_NormalTicket_06" name="working" time="32.540"/>
  <system-out>
Entered Name is matching  Entered Adult count is matching  Entered Child count is matching  Ticket has been generated Ticket Macthing Inside View Admin Logged Out  </system-out>
</testsuite> <!-- Zoo1.Zoo_NormalTicket_06 -->
