<?xml version="1.0" encoding="UTF-8"?>
<!-- Generated by org.testng.reporters.JUnitReportReporter -->
<testsuite hostname="Adithya" failures="0" tests="1" name="Zoo1.Zoo_normalTick_02" time="32.613" errors="0" timestamp="2023-01-27T16:53:51 IST" skipped="0">
  <testcase classname="Zoo1.Zoo_normalTick_02" name="working" time="32.613"/>
  <system-out>
Entered Name is matching  Entered Adult count is matching  Entered Child count is matching  Ticket has been generated Ticket Gen is Macthing  </system-out>
</testsuite> <!-- Zoo1.Zoo_normalTick_02 -->
