<?xml version="1.0" encoding="UTF-8"?>
<!-- Generated by org.testng.reporters.JUnitReportReporter -->
<testsuite hostname="Adithya" failures="0" tests="1" name="Zoo1.Zoo_addanimals" time="32.504" errors="0" timestamp="2023-01-27T13:40:57 IST" skipped="0">
  <testcase classname="Zoo1.Zoo_addanimals" name="working" time="32.504"/>
  <system-out>
Animal detail has been added. Animal detail has been Updated.  </system-out>
</testsuite> <!-- Zoo1.Zoo_addanimals -->
