<?xml version="1.0" encoding="UTF-8"?>
<!-- Generated by org.testng.reporters.JUnitReportReporter -->
<testsuite hostname="Adithya" failures="0" tests="1" name="Zoo1.Zoo_Foreingers_07" time="29.855" errors="0" timestamp="2023-01-28T13:13:12 IST" skipped="0">
  <testcase classname="Zoo1.Zoo_Foreingers_07" name="working" time="29.855"/>
  <system-out>
 Entered Name is matching  Entered Child count is matching  Entered Adult count is matching  Ticket has been generated 277791709 277791709 booked ticked is displayed in search  </system-out>
</testsuite> <!-- Zoo1.Zoo_Foreingers_07 -->
