<?xml version="1.0" encoding="UTF-8"?>
<!-- Generated by org.testng.reporters.JUnitReportReporter -->
<testsuite hostname="Adithya" failures="0" tests="1" name="Zoo1.Zoo_Foreingers_02" time="38.539" errors="0" timestamp="2023-01-27T17:38:18 IST" skipped="0">
  <testcase classname="Zoo1.Zoo_Foreingers_02" name="working" time="38.539"/>
  <system-out>
 Entered Name is matching  Entered Child count is matching  Entered Adult count is matching  Ticket has been generated Ticket ID Is matching  </system-out>
</testsuite> <!-- Zoo1.Zoo_Foreingers_02 -->
