<?xml version="1.0" encoding="UTF-8"?>
<!-- Generated by org.testng.reporters.JUnitReportReporter -->
<testsuite hostname="Adithya" failures="0" tests="1" name="Zoo1.ManageTypeText" time="27.538" errors="0" timestamp="2023-01-28T12:51:43 IST" skipped="0">
  <testcase classname="Zoo1.ManageTypeText" name="ToManageTicket" time="27.538"/>
  <system-out>
Ticket detail has been Updated. coast of the ticket is updated  </system-out>
</testsuite> <!-- Zoo1.ManageTypeText -->
