<?xml version="1.0" encoding="UTF-8"?>
<!-- Generated by org.testng.reporters.JUnitReportReporter -->
<testsuite hostname="Adithya" failures="0" tests="1" name="Zoo1.Zoo_Foreingers_03" time="36.073" errors="0" timestamp="2023-01-27T17:44:24 IST" skipped="0">
  <testcase classname="Zoo1.Zoo_Foreingers_03" name="working" time="36.073"/>
  <system-out>
 Entered Name is matching  Entered Child count is matching  Entered Adult count is matching  Ticket has been generated ID Is Macthing  </system-out>
</testsuite> <!-- Zoo1.Zoo_Foreingers_03 -->
